<?xml version="1.0" encoding="UTF-8"?>
<!-- Generated by org.testng.reporters.JUnitReportReporter -->
<testsuite hostname="Batman" failures="0" tests="3" name="automation_suite.Luma.Login_page" time="54.424" errors="0" timestamp="2024-06-15T12:39:01 IST" skipped="0">
  <testcase classname="automation_suite.Luma.Login_page" name="LoginPage" time="17.136"/>
  <testcase classname="automation_suite.Luma.Login_page" name="LoginPage" time="18.802"/>
  <testcase classname="automation_suite.Luma.Login_page" name="LoginPage" time="18.486"/>
</testsuite> <!-- automation_suite.Luma.Login_page -->
