<?xml version="1.0" encoding="UTF-8"?>
<!-- Generated by org.testng.reporters.JUnitReportReporter -->
<testsuite hostname="Batman" failures="0" tests="3" name="automationSuite.TestCases.CreateNewAccountUser" time="70.612" errors="0" timestamp="2024-06-22T13:28:42 IST" skipped="0">
  <testcase classname="automationSuite.TestCases.CreateNewAccountUser" name="CreateAccount" time="25.382"/>
  <testcase classname="automationSuite.TestCases.CreateNewAccountUser" name="CreateAccount" time="19.433"/>
  <testcase classname="automationSuite.TestCases.CreateNewAccountUser" name="CreateAccount" time="25.797"/>
</testsuite> <!-- automationSuite.TestCases.CreateNewAccountUser -->
