<?xml version="1.0" encoding="UTF-8"?>
<!-- Generated by org.testng.reporters.JUnitReportReporter -->
<testsuite hostname="Batman" failures="0" tests="3" name="automation_suite.Luma.NagativeValidation" time="41.544" errors="0" timestamp="2024-06-20T08:00:27 IST" skipped="0">
  <testcase classname="automation_suite.Luma.NagativeValidation" name="LoginPage" time="13.338"/>
  <testcase classname="automation_suite.Luma.NagativeValidation" name="LoginPage" time="15.265"/>
  <testcase classname="automation_suite.Luma.NagativeValidation" name="LoginPage" time="12.941"/>
</testsuite> <!-- automation_suite.Luma.NagativeValidation -->
