<?xml version="1.0" encoding="UTF-8"?>
<!-- Generated by org.testng.reporters.JUnitReportReporter -->
<testsuite hostname="Batman" failures="0" tests="3" name="automationSuite.TestCases.OrderProduct_NewAccount" time="200.337" errors="0" timestamp="2024-06-22T13:28:42 IST" skipped="0">
  <testcase classname="automationSuite.TestCases.OrderProduct_NewAccount" name="Validation" time="66.377"/>
  <testcase classname="automationSuite.TestCases.OrderProduct_NewAccount" name="Validation" time="61.076"/>
  <testcase classname="automationSuite.TestCases.OrderProduct_NewAccount" name="Validation" time="72.884"/>
</testsuite> <!-- automationSuite.TestCases.OrderProduct_NewAccount -->
