<?xml version="1.0" encoding="UTF-8"?>
<!-- Generated by org.testng.reporters.JUnitReportReporter -->
<testsuite hostname="Batman" failures="0" tests="2" name="automation_suite.Selenium.LoginPage_Orange" time="26.610" errors="0" timestamp="2024-06-20T08:00:27 IST" skipped="0">
  <testcase classname="automation_suite.Selenium.LoginPage_Orange" name="test" time="10.395"/>
  <testcase classname="automation_suite.Selenium.LoginPage_Orange" name="test" time="16.215"/>
</testsuite> <!-- automation_suite.Selenium.LoginPage_Orange -->
