<?xml version="1.0" encoding="UTF-8"?>
<!-- Generated by org.testng.reporters.JUnitReportReporter -->
<testsuite hostname="Batman" failures="0" tests="3" name="automation_suite.Luma.POM_PurchaseOrder" time="237.707" errors="0" timestamp="2024-06-14T22:53:39 IST" skipped="0">
  <testcase classname="automation_suite.Luma.POM_PurchaseOrder" name="Purchase" time="39.748"/>
  <testcase classname="automation_suite.Luma.POM_PurchaseOrder" name="Purchase" time="86.365"/>
  <testcase classname="automation_suite.Luma.POM_PurchaseOrder" name="Purchase" time="111.594"/>
</testsuite> <!-- automation_suite.Luma.POM_PurchaseOrder -->
