<?xml version="1.0" encoding="UTF-8"?>
<!-- Generated by org.testng.reporters.JUnitReportReporter -->
<testsuite hostname="Batman" failures="0" tests="3" name="automationSuite.TestCases.LoginUser" time="76.228" errors="0" timestamp="2024-06-25T08:04:24 IST" skipped="0">
  <testcase classname="automationSuite.TestCases.LoginUser" name="Login" time="19.811"/>
  <testcase classname="automationSuite.TestCases.LoginUser" name="Login" time="18.834"/>
  <testcase classname="automationSuite.TestCases.LoginUser" name="Login" time="37.583"/>
</testsuite> <!-- automationSuite.TestCases.LoginUser -->
