<?xml version="1.0" encoding="UTF-8"?>
<!-- Generated by org.testng.reporters.JUnitReportReporter -->
<testsuite hostname="Batman" failures="0" tests="3" name="automationSuite.TestCases.OrderProduct_existing_user" time="200.433" errors="0" timestamp="2024-06-22T13:21:36 IST" skipped="0">
  <testcase classname="automationSuite.TestCases.OrderProduct_existing_user" name="Purchase" time="83.021"/>
  <testcase classname="automationSuite.TestCases.OrderProduct_existing_user" name="Purchase" time="58.873"/>
  <testcase classname="automationSuite.TestCases.OrderProduct_existing_user" name="Purchase" time="58.539"/>
</testsuite> <!-- automationSuite.TestCases.OrderProduct_existing_user -->
