<?xml version="1.0" encoding="UTF-8"?>
<!-- Generated by org.testng.reporters.JUnitReportReporter -->
<testsuite hostname="Batman" failures="0" tests="3" name="automation_suite.Luma.Account_Creation" time="43.119" errors="0" timestamp="2024-06-20T07:36:14 IST" skipped="0">
  <testcase classname="automation_suite.Luma.Account_Creation" name="createAccount" time="13.128"/>
  <testcase classname="automation_suite.Luma.Account_Creation" name="createAccount" time="15.639"/>
  <testcase classname="automation_suite.Luma.Account_Creation" name="createAccount" time="14.352"/>
</testsuite> <!-- automation_suite.Luma.Account_Creation -->
