<?xml version="1.0" encoding="UTF-8"?>
<!-- Generated by org.testng.reporters.JUnitReportReporter -->
<testsuite hostname="Batman" failures="0" tests="3" name="automationSuite.TestCases.NegativeValidations" time="55.602" errors="0" timestamp="2024-06-22T12:59:40 IST" skipped="0">
  <testcase classname="automationSuite.TestCases.NegativeValidations" name="NegativeTest" time="15.475"/>
  <testcase classname="automationSuite.TestCases.NegativeValidations" name="NegativeTest" time="21.622"/>
  <testcase classname="automationSuite.TestCases.NegativeValidations" name="NegativeTest" time="18.505"/>
</testsuite> <!-- automationSuite.TestCases.NegativeValidations -->
