<?xml version="1.0" encoding="UTF-8"?>
<!-- Generated by org.testng.reporters.JUnitReportReporter -->
<testsuite hostname="Batman" failures="0" tests="3" name="automationSuite.TestCases.OrderProduct_existing_user" time="139.405" errors="0" timestamp="2024-07-02T23:06:38 IST" skipped="0">
  <testcase classname="automationSuite.TestCases.OrderProduct_existing_user" name="Purchase" time="42.797"/>
  <testcase classname="automationSuite.TestCases.OrderProduct_existing_user" name="Purchase" time="51.228"/>
  <testcase classname="automationSuite.TestCases.OrderProduct_existing_user" name="Purchase" time="45.380"/>
</testsuite> <!-- automationSuite.TestCases.OrderProduct_existing_user -->
