<?xml version="1.0" encoding="UTF-8"?>
<!-- Generated by org.testng.reporters.JUnitReportReporter -->
<testsuite hostname="Batman" failures="0" tests="3" name="automationSuite.TestCases.LoginUser" time="46.749" errors="0" timestamp="2024-06-22T12:59:40 IST" skipped="0">
  <testcase classname="automationSuite.TestCases.LoginUser" name="Login" time="14.881"/>
  <testcase classname="automationSuite.TestCases.LoginUser" name="Login" time="16.807"/>
  <testcase classname="automationSuite.TestCases.LoginUser" name="Login" time="15.061"/>
</testsuite> <!-- automationSuite.TestCases.LoginUser -->
