<?xml version="1.0" encoding="UTF-8"?>
<!-- Generated by org.testng.reporters.JUnitReportReporter -->
<testsuite hostname="Batman" failures="0" tests="3" name="automationSuite.TestCases.CreateNewAccountUser" time="48.864" errors="0" timestamp="2024-06-22T10:28:52 IST" skipped="0">
  <testcase classname="automationSuite.TestCases.CreateNewAccountUser" name="CreateAccount" time="14.790"/>
  <testcase classname="automationSuite.TestCases.CreateNewAccountUser" name="CreateAccount" time="18.506"/>
  <testcase classname="automationSuite.TestCases.CreateNewAccountUser" name="CreateAccount" time="15.568"/>
</testsuite> <!-- automationSuite.TestCases.CreateNewAccountUser -->
