<?xml version="1.0" encoding="UTF-8"?>
<!-- Generated by org.testng.reporters.JUnitReportReporter -->
<testsuite hostname="Batman" failures="0" tests="3" name="automationSuite.TestCases.OrderProduct_existing_user" time="182.904" errors="0" timestamp="2024-06-22T13:29:06 IST" skipped="0">
  <testcase classname="automationSuite.TestCases.OrderProduct_existing_user" name="Purchase" time="50.316"/>
  <testcase classname="automationSuite.TestCases.OrderProduct_existing_user" name="Purchase" time="61.211"/>
  <testcase classname="automationSuite.TestCases.OrderProduct_existing_user" name="Purchase" time="71.377"/>
</testsuite> <!-- automationSuite.TestCases.OrderProduct_existing_user -->
